{"meta": {"format": 3, "version": "7.14.1", "timestamp": "2026-05-29T20:57:17.735947", "branch_coverage": false, "show_contexts": false}, "files": {"src\\main.py": {"executed_lines": [1, 2, 3, 4, 6, 9, 16, 17, 18, 19, 20, 23, 24, 25, 31, 32, 33, 35, 36, 39, 40, 47, 48, 49, 50, 51, 52, 55, 56, 59, 60, 63, 85], "summary": {"covered_lines": 33, "num_statements": 54, "percent_covered": 61.111111111111114, "percent_covered_display": "61", "missing_lines": 21, "excluded_lines": 0, "percent_statements_covered": 61.111111111111114, "percent_statements_covered_display": "61"}, "missing_lines": [10, 11, 12, 13, 34, 64, 65, 67, 69, 70, 71, 73, 74, 76, 77, 78, 79, 80, 81, 82, 86], "excluded_lines": [], "functions": {"get_json": {"executed_lines": [], "summary": {"covered_lines": 0, "num_statements": 4, "percent_covered": 0.0, "percent_covered_display": "0", "missing_lines": 4, "excluded_lines": 0, "percent_statements_covered": 0.0, "percent_statements_covered_display": "0"}, "missing_lines": [10, 11, 12, 13], "excluded_lines": [], "start_line": 9}, "normalize_cep": {"executed_lines": [17, 18, 19, 20], "summary": {"covered_lines": 4, "num_statements": 4, "percent_covered": 100.0, "percent_covered_display": "100", "missing_lines": 0, "excluded_lines": 0, "percent_statements_covered": 100.0, "percent_statements_covered_display": "100"}, "missing_lines": [], "excluded_lines": [], "start_line": 16}, "cep_to_coordinates": {"executed_lines": [24, 25, 31, 32, 33, 35, 36], "summary": {"covered_lines": 7, "num_statements": 8, "percent_covered": 87.5, "percent_covered_display": "88", "missing_lines": 1, "excluded_lines": 0, "percent_statements_covered": 87.5, "percent_statements_covered_display": "88"}, "missing_lines": [34], "excluded_lines": [], "start_line": 23}, "get_temperature_celsius": {"executed_lines": [40, 47, 48, 49, 50, 51, 52], "summary": {"covered_lines": 7, "num_statements": 7, "percent_covered": 100.0, "percent_covered_display": "100", "missing_lines": 0, "excluded_lines": 0, "percent_statements_covered": 100.0, "percent_statements_covered_display": "100"}, "missing_lines": [], "excluded_lines": [], "start_line": 39}, "celsius_to_kelvin": {"executed_lines": [56], "summary": {"covered_lines": 1, "num_statements": 1, "percent_covered": 100.0, "percent_covered_display": "100", "missing_lines": 0, "excluded_lines": 0, "percent_statements_covered": 100.0, "percent_statements_covered_display": "100"}, "missing_lines": [], "excluded_lines": [], "start_line": 55}, "celsius_to_fahrenheit": {"executed_lines": [60], "summary": {"covered_lines": 1, "num_statements": 1, "percent_covered": 100.0, "percent_covered_display": "100", "missing_lines": 0, "excluded_lines": 0, "percent_statements_covered": 100.0, "percent_statements_covered_display": "100"}, "missing_lines": [], "excluded_lines": [], "start_line": 59}, "main": {"executed_lines": [], "summary": {"covered_lines": 0, "num_statements": 15, "percent_covered": 0.0, "percent_covered_display": "0", "missing_lines": 15, "excluded_lines": 0, "percent_statements_covered": 0.0, "percent_statements_covered_display": "0"}, "missing_lines": [64, 65, 67, 69, 70, 71, 73, 74, 76, 77, 78, 79, 80, 81, 82], "excluded_lines": [], "start_line": 63}, "": {"executed_lines": [1, 2, 3, 4, 6, 9, 16, 23, 39, 55, 59, 63, 85], "summary": {"covered_lines": 13, "num_statements": 14, "percent_covered": 92.85714285714286, "percent_covered_display": "93", "missing_lines": 1, "excluded_lines": 0, "percent_statements_covered": 92.85714285714286, "percent_statements_covered_display": "93"}, "missing_lines": [86], "excluded_lines": [], "start_line": 1}}, "classes": {"": {"executed_lines": [1, 2, 3, 4, 6, 9, 16, 17, 18, 19, 20, 23, 24, 25, 31, 32, 33, 35, 36, 39, 40, 47, 48, 49, 50, 51, 52, 55, 56, 59, 60, 63, 85], "summary": {"covered_lines": 33, "num_statements": 54, "percent_covered": 61.111111111111114, "percent_covered_display": "61", "missing_lines": 21, "excluded_lines": 0, "percent_statements_covered": 61.111111111111114, "percent_statements_covered_display": "61"}, "missing_lines": [10, 11, 12, 13, 34, 64, 65, 67, 69, 70, 71, 73, 74, 76, 77, 78, 79, 80, 81, 82, 86], "excluded_lines": [], "start_line": 1}}}, "tests\\test_main_integration.py": {"executed_lines": [1, 2, 3, 4, 6, 7, 10, 13, 14, 15, 16, 17, 19, 20, 22, 39], "summary": {"covered_lines": 16, "num_statements": 30, "percent_covered": 53.333333333333336, "percent_covered_display": "53", "missing_lines": 14, "excluded_lines": 0, "percent_statements_covered": 53.333333333333336, "percent_statements_covered_display": "53"}, "missing_lines": [8, 18, 23, 24, 25, 26, 28, 29, 31, 32, 34, 35, 36, 40], "excluded_lines": [], "functions": {"TestMainIntegration.setUpClass": {"executed_lines": [16, 17, 19, 20], "summary": {"covered_lines": 4, "num_statements": 5, "percent_covered": 80.0, "percent_covered_display": "80", "missing_lines": 1, "excluded_lines": 0, "percent_statements_covered": 80.0, "percent_statements_covered_display": "80"}, "missing_lines": [18], "excluded_lines": [], "start_line": 15}, "TestMainIntegration.test_full_temperature_flow_for_cep": {"executed_lines": [], "summary": {"covered_lines": 0, "num_statements": 11, "percent_covered": 0.0, "percent_covered_display": "0", "missing_lines": 11, "excluded_lines": 0, "percent_statements_covered": 0.0, "percent_statements_covered_display": "0"}, "missing_lines": [23, 24, 25, 26, 28, 29, 31, 32, 34, 35, 36], "excluded_lines": [], "start_line": 22}, "": {"executed_lines": [1, 2, 3, 4, 6, 7, 10, 13, 14, 15, 22, 39], "summary": {"covered_lines": 12, "num_statements": 14, "percent_covered": 85.71428571428571, "percent_covered_display": "86", "missing_lines": 2, "excluded_lines": 0, "percent_statements_covered": 85.71428571428571, "percent_statements_covered_display": "86"}, "missing_lines": [8, 40], "excluded_lines": [], "start_line": 1}}, "classes": {"TestMainIntegration": {"executed_lines": [16, 17, 19, 20], "summary": {"covered_lines": 4, "num_statements": 16, "percent_covered": 25.0, "percent_covered_display": "25", "missing_lines": 12, "excluded_lines": 0, "percent_statements_covered": 25.0, "percent_statements_covered_display": "25"}, "missing_lines": [18, 23, 24, 25, 26, 28, 29, 31, 32, 34, 35, 36], "excluded_lines": [], "start_line": 13}, "": {"executed_lines": [1, 2, 3, 4, 6, 7, 10, 13, 14, 15, 22, 39], "summary": {"covered_lines": 12, "num_statements": 14, "percent_covered": 85.71428571428571, "percent_covered_display": "86", "missing_lines": 2, "excluded_lines": 0, "percent_statements_covered": 85.71428571428571, "percent_statements_covered_display": "86"}, "missing_lines": [8, 40], "excluded_lines": [], "start_line": 1}}}, "tests\\test_main_unit.py": {"executed_lines": [1, 2, 3, 4, 6, 7, 10, 19, 20, 21, 22, 24, 25, 26, 28, 29, 30, 32, 33, 34, 36, 37, 38, 39, 40, 41, 42, 44, 45, 46, 47, 48, 49, 51, 52, 53, 54, 55, 58], "summary": {"covered_lines": 39, "num_statements": 41, "percent_covered": 95.1219512195122, "percent_covered_display": "95", "missing_lines": 2, "excluded_lines": 0, "percent_statements_covered": 95.1219512195122, "percent_statements_covered_display": "95"}, "missing_lines": [8, 59], "excluded_lines": [], "functions": {"TestMainUnit.test_normalize_cep_removes_formatting": {"executed_lines": [21, 22], "summary": {"covered_lines": 2, "num_statements": 2, "percent_covered": 100.0, "percent_covered_display": "100", "missing_lines": 0, "excluded_lines": 0, "percent_statements_covered": 100.0, "percent_statements_covered_display": "100"}, "missing_lines": [], "excluded_lines": [], "start_line": 20}, "TestMainUnit.test_normalize_cep_rejects_invalid_length": {"executed_lines": [25, 26], "summary": {"covered_lines": 2, "num_statements": 2, "percent_covered": 100.0, "percent_covered_display": "100", "missing_lines": 0, "excluded_lines": 0, "percent_statements_covered": 100.0, "percent_statements_covered_display": "100"}, "missing_lines": [], "excluded_lines": [], "start_line": 24}, "TestMainUnit.test_celsius_to_kelvin": {"executed_lines": [29, 30], "summary": {"covered_lines": 2, "num_statements": 2, "percent_covered": 100.0, "percent_covered_display": "100", "missing_lines": 0, "excluded_lines": 0, "percent_statements_covered": 100.0, "percent_statements_covered_display": "100"}, "missing_lines": [], "excluded_lines": [], "start_line": 28}, "TestMainUnit.test_celsius_to_fahrenheit": {"executed_lines": [33, 34], "summary": {"covered_lines": 2, "num_statements": 2, "percent_covered": 100.0, "percent_covered_display": "100", "missing_lines": 0, "excluded_lines": 0, "percent_statements_covered": 100.0, "percent_statements_covered_display": "100"}, "missing_lines": [], "excluded_lines": [], "start_line": 32}, "TestMainUnit.test_cep_to_coordinates_calls_api_and_returns_lat_lon": {"executed_lines": [38, 39, 40, 41, 42], "summary": {"covered_lines": 5, "num_statements": 5, "percent_covered": 100.0, "percent_covered_display": "100", "missing_lines": 0, "excluded_lines": 0, "percent_statements_covered": 100.0, "percent_statements_covered_display": "100"}, "missing_lines": [], "excluded_lines": [], "start_line": 37}, "TestMainUnit.test_get_temperature_celsius_reads_temperature": {"executed_lines": [46, 47, 48, 49], "summary": {"covered_lines": 4, "num_statements": 4, "percent_covered": 100.0, "percent_covered_display": "100", "missing_lines": 0, "excluded_lines": 0, "percent_statements_covered": 100.0, "percent_statements_covered_display": "100"}, "missing_lines": [], "excluded_lines": [], "start_line": 45}, "TestMainUnit.test_get_temperature_celsius_raises_when_missing_temperature": {"executed_lines": [53, 54, 55], "summary": {"covered_lines": 3, "num_statements": 3, "percent_covered": 100.0, "percent_covered_display": "100", "missing_lines": 0, "excluded_lines": 0, "percent_statements_covered": 100.0, "percent_statements_covered_display": "100"}, "missing_lines": [], "excluded_lines": [], "start_line": 52}, "": {"executed_lines": [1, 2, 3, 4, 6, 7, 10, 19, 20, 24, 28, 32, 36, 37, 44, 45, 51, 52, 58], "summary": {"covered_lines": 19, "num_statements": 21, "percent_covered": 90.47619047619048, "percent_covered_display": "90", "missing_lines": 2, "excluded_lines": 0, "percent_statements_covered": 90.47619047619048, "percent_statements_covered_display": "90"}, "missing_lines": [8, 59], "excluded_lines": [], "start_line": 1}}, "classes": {"TestMainUnit": {"executed_lines": [21, 22, 25, 26, 29, 30, 33, 34, 38, 39, 40, 41, 42, 46, 47, 48, 49, 53, 54, 55], "summary": {"covered_lines": 20, "num_statements": 20, "percent_covered": 100.0, "percent_covered_display": "100", "missing_lines": 0, "excluded_lines": 0, "percent_statements_covered": 100.0, "percent_statements_covered_display": "100"}, "missing_lines": [], "excluded_lines": [], "start_line": 19}, "": {"executed_lines": [1, 2, 3, 4, 6, 7, 10, 19, 20, 24, 28, 32, 36, 37, 44, 45, 51, 52, 58], "summary": {"covered_lines": 19, "num_statements": 21, "percent_covered": 90.47619047619048, "percent_covered_display": "90", "missing_lines": 2, "excluded_lines": 0, "percent_statements_covered": 90.47619047619048, "percent_statements_covered_display": "90"}, "missing_lines": [8, 59], "excluded_lines": [], "start_line": 1}}}}, "totals": {"covered_lines": 88, "num_statements": 125, "percent_covered": 70.4, "percent_covered_display": "70", "missing_lines": 37, "excluded_lines": 0, "percent_statements_covered": 70.4, "percent_statements_covered_display": "70"}}